<?xml version="1.0" encoding="UTF-8"?>
<!-- Generated by org.testng.reporters.JUnitXMLReporter -->
<testsuite ignored="0" hostname="LAPTOP-LCLNDT3R" failures="3" tests="3" name="Test(failed)" time="15.786" errors="0" timestamp="2020-07-15T22:15:00 IST">
  <testcase classname="FrameWork.FaceBook.FbUserInterface" name="basePageNavigation" time="6.257">
    <failure type="java.lang.NullPointerException">
      <![CDATA[java.lang.NullPointerException
at FrameWork.FaceBook.FbHomePage.emailid(FbHomePage.java:30)
at FrameWork.FaceBook.FbUserInterface.basePageNavigation(FbUserInterface.java:33)
at java.base/java.util.ArrayList.forEach(ArrayList.java:1540)
... Removed 27 stack frames]]>
    </failure>
  </testcase> <!-- basePageNavigation -->
  <testcase classname="FrameWork.FaceBook.FbUserInterface" name="basePageNavigation" time="2.741">
    <failure type="java.lang.NullPointerException">
      <![CDATA[java.lang.NullPointerException
at FrameWork.FaceBook.FbHomePage.emailid(FbHomePage.java:30)
at FrameWork.FaceBook.FbUserInterface.basePageNavigation(FbUserInterface.java:33)
at java.base/java.util.ArrayList.forEach(ArrayList.java:1540)
... Removed 27 stack frames]]>
    </failure>
  </testcase> <!-- basePageNavigation -->
  <testcase classname="FrameWork.FaceBook.FbUserInterface" name="basePageNavigation" time="2.213">
    <failure type="java.lang.NullPointerException">
      <![CDATA[java.lang.NullPointerException
at FrameWork.FaceBook.FbHomePage.emailid(FbHomePage.java:30)
at FrameWork.FaceBook.FbUserInterface.basePageNavigation(FbUserInterface.java:33)
at java.base/java.util.ArrayList.forEach(ArrayList.java:1540)
... Removed 27 stack frames]]>
    </failure>
  </testcase> <!-- basePageNavigation -->
</testsuite> <!-- Test(failed) -->
